#
# There is insufficient memory for the Java Runtime Environment to continue.
# Native memory allocation (mmap) failed to map 532676608 bytes for Failed to commit area from 0x0000000604400000 to 0x0000000624000000 of length 532676608.
# Possible reasons:
#   The system is out of physical RAM or swap space
#   The process is running with CompressedOops enabled, and the Java Heap may be blocking the growth of the native heap
# Possible solutions:
#   Reduce memory load on the system
#   Increase physical memory or swap space
#   Check if swap backing store is full
#   Decrease Java heap size (-Xmx/-Xms)
#   Decrease number of Java threads
#   Decrease Java thread stack sizes (-Xss)
#   Set larger code cache with -XX:ReservedCodeCacheSize=
# This output file may be truncated or incomplete.
#
#  Out of Memory Error (src/hotspot/os/windows/os_windows.cpp:3627), pid=15652, tid=34320
#
# JRE version:  (11.0.15+10) (build )
# Java VM: OpenJDK 64-Bit Server VM (11.0.15+10-b2043.56, mixed mode, sharing, tiered, compressed oops, g1 gc, windows-amd64)
# No core dump will be written. Minidumps are not enabled by default on client versions of Windows
#

---------------  S U M M A R Y ------------

Command Line: git4idea.http.GitAskPassApp Username for 'https://github.com': 

Host: Intel(R) Core(TM) i9-10900K CPU @ 3.70GHz, 20 cores, 31G,  Windows 11 , 64 bit Build 22000 (10.0.22000.708)
Time: Wed Jul 27 18:36:35 2022 Pacific Daylight Time elapsed time: 0.008920 seconds (0d 0h 0m 0s)

---------------  T H R E A D  ---------------

Current thread (0x000001a1e9a33000):  JavaThread "Unknown thread" [_thread_in_vm, id=34320, stack(0x0000008a61400000,0x0000008a61500000)]

Stack: [0x0000008a61400000,0x0000008a61500000]
Native frames: (J=compiled Java code, j=interpreted, Vv=VM code, C=native code)
V  [jvm.dll+0x61612a]
V  [jvm.dll+0x79c450]
V  [jvm.dll+0x79da6d]
V  [jvm.dll+0x79e143]
V  [jvm.dll+0x24cc18]
V  [jvm.dll+0x613174]
V  [jvm.dll+0x607e55]
V  [jvm.dll+0x30b1cb]
V  [jvm.dll+0x30b13a]
V  [jvm.dll+0x30b012]
V  [jvm.dll+0x30ff76]
V  [jvm.dll+0x35b4c3]
V  [jvm.dll+0x35bbc6]
V  [jvm.dll+0x35b5c3]
V  [jvm.dll+0x2e5918]
V  [jvm.dll+0x2e6ab7]
V  [jvm.dll+0x7794f7]
V  [jvm.dll+0x77acec]
V  [jvm.dll+0x368a59]
V  [jvm.dll+0x75ce8e]
V  [jvm.dll+0x3d6a33]
V  [jvm.dll+0x3d9001]
C  [jli.dll+0x536b]
C  [ucrtbase.dll+0x26c0c]
C  [KERNEL32.DLL+0x154e0]
C  [ntdll.dll+0x485b]


---------------  P R O C E S S  ---------------

Threads class SMR info:
_java_thread_list=0x000001a1e7637880, length=0, elements={
}

Java Threads: ( => current thread )

Other Threads:
  0x000001a1e9a4c800 GCTaskThread "GC Thread#0" [stack: 0x0000008a61500000,0x0000008a61600000] [id=58720]
  0x000001a1e9acc800 ConcurrentGCThread "G1 Main Marker" [stack: 0x0000008a61600000,0x0000008a61700000] [id=64476]
  0x000001a1e9ad2000 ConcurrentGCThread "G1 Conc#0" [stack: 0x0000008a61700000,0x0000008a61800000] [id=39516]

[error occurred during error reporting (printing all threads), id 0xc0000005, EXCEPTION_ACCESS_VIOLATION (0xc0000005) at pc=0x00007ffbbd636017]

VM state:not at safepoint (not fully initialized)

VM Mutex/Monitor currently owned by a thread:  ([mutex/lock_event])
[0x000001a1e9a2fef0] Heap_lock - owner thread: 0x000001a1e9a33000

Heap address: 0x0000000604400000, size: 8124 MB, Compressed Oops mode: Non-zero based: 0x0000000604400000
Narrow klass base: 0x0000000000000000, Narrow klass shift: 0

GC Heap History (0 events):
No events

Deoptimization events (0 events):
No events

Classes redefined (0 events):
No events

Internal exceptions (0 events):
No events

Events (1 events):
Event: 0.006 Loaded shared library C:\Program Files\JetBrains\PyCharm 2021.3.3\jbr\bin\zip.dll


Dynamic libraries:
0x00007ff7f0120000 - 0x00007ff7f012a000 	C:\Program Files\JetBrains\PyCharm 2021.3.3\jbr\bin\java.exe
0x00007ffc595a0000 - 0x00007ffc597a9000 	C:\WINDOWS\SYSTEM32\ntdll.dll
0x00007ffc58400000 - 0x00007ffc584bd000 	C:\WINDOWS\System32\KERNEL32.DLL
0x00007ffc56d70000 - 0x00007ffc570e9000 	C:\WINDOWS\System32\KERNELBASE.dll
0x00007ffc56a80000 - 0x00007ffc56b91000 	C:\WINDOWS\System32\ucrtbase.dll
0x00007ffc30c60000 - 0x00007ffc30c79000 	C:\Program Files\JetBrains\PyCharm 2021.3.3\jbr\bin\jli.dll
0x00007ffc2eae0000 - 0x00007ffc2eaf6000 	C:\Program Files\JetBrains\PyCharm 2021.3.3\jbr\bin\VCRUNTIME140.dll
0x00007ffc59280000 - 0x00007ffc5942c000 	C:\WINDOWS\System32\USER32.dll
0x00007ffc38fc0000 - 0x00007ffc39265000 	C:\WINDOWS\WinSxS\amd64_microsoft.windows.common-controls_6595b64144ccf1df_6.0.22000.120_none_9d947278b86cc467\COMCTL32.dll
0x00007ffc56ba0000 - 0x00007ffc56bc6000 	C:\WINDOWS\System32\win32u.dll
0x00007ffc57870000 - 0x00007ffc57913000 	C:\WINDOWS\System32\msvcrt.dll
0x00007ffc58ca0000 - 0x00007ffc58cc9000 	C:\WINDOWS\System32\GDI32.dll
0x00007ffc56bd0000 - 0x00007ffc56ce2000 	C:\WINDOWS\System32\gdi32full.dll
0x00007ffc57390000 - 0x00007ffc5742d000 	C:\WINDOWS\System32\msvcp_win.dll
0x00007ffc57f40000 - 0x00007ffc57f71000 	C:\WINDOWS\System32\IMM32.DLL
0x00007ffc0be30000 - 0x00007ffc0beda000 	C:\Program Files\JetBrains\PyCharm 2021.3.3\jbr\bin\msvcp140.dll
0x00007ffbbd340000 - 0x00007ffbbdebb000 	C:\Program Files\JetBrains\PyCharm 2021.3.3\jbr\bin\server\jvm.dll
0x00007ffc59080000 - 0x00007ffc5912e000 	C:\WINDOWS\System32\ADVAPI32.dll
0x00007ffc57920000 - 0x00007ffc579be000 	C:\WINDOWS\System32\sechost.dll
0x00007ffc57d90000 - 0x00007ffc57eb0000 	C:\WINDOWS\System32\RPCRT4.dll
0x00007ffc59270000 - 0x00007ffc59278000 	C:\WINDOWS\System32\PSAPI.DLL
0x00007ffc4f9a0000 - 0x00007ffc4f9d3000 	C:\WINDOWS\SYSTEM32\WINMM.dll
0x00007ffc334a0000 - 0x00007ffc334a9000 	C:\WINDOWS\SYSTEM32\WSOCK32.dll
0x00007ffc4e4e0000 - 0x00007ffc4e4ea000 	C:\WINDOWS\SYSTEM32\VERSION.dll
0x00007ffc59490000 - 0x00007ffc594ff000 	C:\WINDOWS\System32\WS2_32.dll
0x00007ffc55c70000 - 0x00007ffc55c88000 	C:\WINDOWS\SYSTEM32\kernel.appcore.dll
0x00007ffc4f850000 - 0x00007ffc4f861000 	C:\Program Files\JetBrains\PyCharm 2021.3.3\jbr\bin\verify.dll
0x00007ffc54140000 - 0x00007ffc54361000 	C:\WINDOWS\SYSTEM32\DBGHELP.DLL
0x00007ffc2edf0000 - 0x00007ffc2ee21000 	C:\WINDOWS\SYSTEM32\dbgcore.DLL
0x00007ffc56cf0000 - 0x00007ffc56d6f000 	C:\WINDOWS\System32\bcryptPrimitives.dll
0x00007ffc39510000 - 0x00007ffc39539000 	C:\Program Files\JetBrains\PyCharm 2021.3.3\jbr\bin\java.dll
0x00007ffc4fed0000 - 0x00007ffc4fedb000 	C:\Program Files\JetBrains\PyCharm 2021.3.3\jbr\bin\jimage.dll
0x00007ffc398a0000 - 0x00007ffc398b9000 	C:\Program Files\JetBrains\PyCharm 2021.3.3\jbr\bin\zip.dll

dbghelp: loaded successfully - version: 4.0.5 - missing functions: none
symbol engine: initialized successfully - sym options: 0x614 - pdb path: .;C:\Program Files\JetBrains\PyCharm 2021.3.3\jbr\bin;C:\WINDOWS\SYSTEM32;C:\WINDOWS\WinSxS\amd64_microsoft.windows.common-controls_6595b64144ccf1df_6.0.22000.120_none_9d947278b86cc467;C:\Program Files\JetBrains\PyCharm 2021.3.3\jbr\bin\server

VM Arguments:
java_command: git4idea.http.GitAskPassApp Username for 'https://github.com': 
java_class_path (initial): C:/Program Files/JetBrains/PyCharm 2021.3.3/plugins/git4idea/lib/git4idea-rt.jar;C:/Program Files/JetBrains/PyCharm 2021.3.3/lib/externalProcess-rt.jar;C:/Program Files/JetBrains/PyCharm 2021.3.3/lib/app.jar;C:/Program Files/JetBrains/PyCharm 2021.3.3/lib/3rd-party-rt.jar
Launcher Type: SUN_STANDARD

[Global flags]
     intx CICompilerCount                          = 12                                        {product} {ergonomic}
     uint ConcGCThreads                            = 4                                         {product} {ergonomic}
     uint G1ConcRefinementThreads                  = 15                                        {product} {ergonomic}
   size_t G1HeapRegionSize                         = 2097152                                   {product} {ergonomic}
    uintx GCDrainStackTargetSize                   = 64                                        {product} {ergonomic}
   size_t InitialHeapSize                          = 532676608                                 {product} {ergonomic}
   size_t MarkStackSize                            = 4194304                                   {product} {ergonomic}
   size_t MaxHeapSize                              = 8518631424                                {product} {ergonomic}
   size_t MinHeapDeltaBytes                        = 2097152                                   {product} {ergonomic}
    uintx NonNMethodCodeHeapSize                   = 7594288                                {pd product} {ergonomic}
    uintx NonProfiledCodeHeapSize                  = 122031976                              {pd product} {ergonomic}
    uintx ProfiledCodeHeapSize                     = 122031976                              {pd product} {ergonomic}
    uintx ReservedCodeCacheSize                    = 251658240                              {pd product} {ergonomic}
     bool SegmentedCodeCache                       = true                                      {product} {ergonomic}
     bool UseCompressedClassPointers               = true                                 {lp64_product} {ergonomic}
     bool UseCompressedOops                        = true                                 {lp64_product} {ergonomic}
     bool UseG1GC                                  = true                                      {product} {ergonomic}
     bool UseLargePagesIndividualAllocation        = false                                  {pd product} {ergonomic}

Logging:
Log output configuration:
 #0: stdout all=warning uptime,level,tags
 #1: stderr all=off uptime,level,tags

Environment Variables:
PATH=C:\Program Files\Git\mingw64\libexec\git-core;C:\Program Files\Git\mingw64\libexec\git-core;C:\Program Files\Git\mingw64\bin;C:\Program Files\Git\usr\bin;C:\Users\ianfe\bin;C:\Users\ianfe\PycharmProjects\pythonProject\venv\Scripts;C:\Program Files\Oculus\Support\oculus-runtime;C:\Program Files (x86)\Common Files\Oracle\Java\javapath;C:\Windows\system32;C:\Windows;C:\Windows\System32\Wbem;C:\Windows\System32\WindowsPowerShell\v1.0;C:\Windows\System32\OpenSSH;C:\Program Files\NVIDIA Corporation\NVIDIA NvDLISR;C:\Program Files\dotnet;C:\WINDOWS\system32;C:\WINDOWS;C:\WINDOWS\System32\Wbem;C:\WINDOWS\System32\WindowsPowerShell\v1.0;C:\WINDOWS\System32\OpenSSH;C:\Program Files (x86)\NVIDIA Corporation\PhysX\Common;C:\ProgramData\chocolatey\bin;C:\Program Files\Git\cmd;C:\Users\ianfe\AppData\Local\Microsoft\WindowsApps;C:\Users\ianfe\AppData\Local\GitHubDesktop\bin;C:\Python310\Scripts;C:\Program Files\WindowsApps\PythonSoftwareFoundation.Python.3.10_3.10.752.0_x64__qbz5n2kfra8p0;C:\Python310;C:\Users\ianfe\AppData\Local\Packages;C:\Users\ianfe\AppData\Local\Packages\PythonSoftwareFoundation.Python.3.10_qbz5n2kfra8p0\LocalCache\local-packages\Python310\Scripts';C:\Program Files\WindowsApps;C:\Program Files\JetBrains\PyCharm Community Edition 2021.3.3\bin;C:\Program Files\JetBrains\PyCharm 2021.3.3\bin
USERNAME=ianfe
DISPLAY=:0.0
LC_ALL=en_US.UTF-8
OS=Windows_NT
PROCESSOR_IDENTIFIER=Intel64 Family 6 Model 165 Stepping 5, GenuineIntel



---------------  S Y S T E M  ---------------

OS: Windows 11 , 64 bit Build 22000 (10.0.22000.708)
OS uptime: 2 days 4:46 hours

CPU:total 20 (initial active 20) (10 cores per cpu, 2 threads per core) family 6 model 165 stepping 5 microcode 0xec, cmov, cx8, fxsr, mmx, sse, sse2, sse3, ssse3, sse4.1, sse4.2, popcnt, avx, avx2, aes, clmul, erms, 3dnowpref, lzcnt, ht, tsc, tscinvbit, bmi1, bmi2, adx, fma

Memory: 4k page, system-wide physical 32492M (5923M free)
TotalPageFile size 130796M (AvailPageFile size 509M)
current process WorkingSet (physical memory assigned to process): 10M, peak: 10M
current process commit charge ("private bytes"): 76M, peak: 584M

vm_info: OpenJDK 64-Bit Server VM (11.0.15+10-b2043.56) for windows-amd64 JRE (11.0.15+10-b2043.56), built on May 16 2022 02:28:12 by "" with MS VC++ 14.0 (VS2015)

END.
